GET/abc/def/ghi
 Request Headers

{
  "accept": "text/html,application/xhtml+xml,application/xml;q=0.9,image/avif,image/webp,*/*;q=0.8",
  "accept-encoding": "gzip, deflate, br",
  "accept-language": "en-US,en;q=0.5",
  "cache-control": "no-cache",
  "content-length": "0",
  "dnt": "1",
  "host": "pleasant-lion-polo-shirt.cyclic.app",
  "pragma": "no-cache",
  "sec-fetch-dest": "document",
  "sec-fetch-mode": "navigate",
  "sec-fetch-site": "none",
  "sec-fetch-user": "?1",
  "upgrade-insecure-requests": "1",
  "user-agent": "Mozilla/5.0",
  "x-amzn-trace-id": "Root=1-63c567ea-3739d9c2560474545c271e44",
  "x-forwarded-port": "443",
  "x-forwarded-proto": "https"
}

2023-01-16 10:06:20.863: npm
2023-01-16 10:06:20.863:  verb cli /var/lang/bin/node /var/lang/bin/npm
npm info 
2023-01-16 10:06:20.864: using npm@8.19.2
npm info using node@v18.12.1
npm timing
2023-01-16 10:06:20.864:  npm:load:whichnode Completed in 0ms
2023-01-16 10:06:20.864: npm timing config:load:defaults Completed in 1ms
npm timing config:load:file:/var/lang/lib/node_modules/npm/npmrc Completed in 1ms
2023-01-16 10:06:20.864: npm timing config:load:builtin Completed in 2ms
npm timing config:load:cli Completed in 3ms
npm
2023-01-16 10:06:20.881:  timing config:load:env Completed in 13ms
npm timing config:load:file:/var/task/.npmrc Completed in 0ms
npm timing config:load:project Completed in 44ms
npm timing config:load:file:/home/sbx_user1051/.npmrc Completed in 0ms
npm timing config:load:user Completed in 0ms
npm timing config:load:file:/var/lang/etc/npmrc Completed in 16ms
npm timing config:load:global Completed in 17ms
npm timing config:load:validate Completed in 1ms
npm timing config:load:credentials Completed in 1ms
npm timing config:load:setEnvs Completed in 0ms
npm timing config:load Completed in 83ms
npm timing npm:load:configload Completed in 83ms
npm verb cache could not create cache: Error: ENOENT: no such file or directory, mkdir '/home/sbx_user1051'
npm timing npm:load:mkdirpcache Completed in 1ms
npm verb logfile could not create logs-dir: Error: ENOENT: no such file or directory, mkdir '/home/sbx_user1051'
npm timing npm:load:mkdirplogs Completed in 0ms
npm verb title npm run start
npm verb argv "run" "start" "--workspace" "nested" "--loglevel" "silly"
npm timing npm:load:setTitle Completed in 1ms
npm timing config:load:flatten Completed in 15ms
npm timing npm:load:display Completed in 33ms
npm verb logfile logs-max:10 dir:/home/sbx_user1051/.npm/_logs
npm verb logfile could not be created: Error: ENOENT: no such file or directory, open '/home/sbx_user1051/.npm/_logs/2023-01-16T15_06_20_744Z-debug-0.log'
2023-01-16 10:06:20.884: timing npm:load:timers Completed in 0ms
2023-01-16 10:06:20.884: npm verb logfile no logfile created
npm timing npm:load:logFile Completed in 5ms
2023-01-16 10:06:20.884: npm 
2023-01-16 10:06:20.904: npm
2023-01-16 10:06:20.904:  
2023-01-16 10:06:20.904: timing
2023-01-16 10:06:20.904:  
2023-01-16 10:06:20.904: npm:load:configScope
2023-01-16 10:06:20.923:  Completed in 0ms
npm timing npm:load Completed in 161ms
2023-01-16 10:06:20.980: npm sill logfile done cleaning log files
2023-01-16 10:06:21.103: 
> nested@1.0.0 start
> node index.js

2023-01-16 10:06:21.361: npm verb stack Error: EROFS: read-only file system, mkdir '/home/sbx_user1051'
2023-01-16 10:06:21.361: npm verb cwd /var/task
npm verb Linux 4.14.255-285-225.501.amzn2.x86_64
npm verb 
2023-01-16 10:06:21.361: node
2023-01-16 10:06:21.362:  v18.12.1
npm verb npm  v8.19.2
npm ERR! code
2023-01-16 10:06:21.362:  EROFS
npm ERR! syscall mkdir
2023-01-16 10:06:21.362: npm ERR! path /home/sbx_user1051
2023-01-16 10:06:21.379: npm ERR! errno -30
npm ERR! rofs EROFS: read-only file system, mkdir '/home/sbx_user1051'
npm ERR! rofs Often virtualized file systems, or other file systems
npm ERR! rofs that don't support symlinks, give this error.
npm verb exit -30
npm timing npm Completed in 620ms
npm verb unfinished npm timer command:run 1673881580941
npm verb code -30

npm ERR! Log files were not written due to an error writing to the directory: /home/sbx_user1051/.npm/_logs
npm ERR! You can rerun the command with `--loglevel=verbose` to see the logs in your terminal
2023-01-16 10:06:21.440: 

ERROR: Failed to run "npm run start". Start script defined in package.json:

            "scripts": {
                "start":  "npm run start --workspace=nested --loglevel=silly"
                 ...
            
Exited with code: 226
200 10:06:22.026 (2.938s)
 Response Headers

{
  "x-powered-by": "Express",
  "content-type": "text/html; charset=utf-8",
  "content-length": "19",
  "etag": "W/\"13-pAP+nTXl6UA4Xdyg5L63N5A7p+I\"",
  "date": "Mon, 16 Jan 2023 15:06:22 GMT",
  "connection": "close"
}