GET/abc/def/ghi
 Request Headers

{
  "accept": "text/html,application/xhtml+xml,application/xml;q=0.9,image/avif,image/webp,*/*;q=0.8",
  "accept-encoding": "gzip, deflate, br",
  "accept-language": "en-US,en;q=0.5",
  "cache-control": "no-cache",
  "content-length": "0",
  "dnt": "1",
  "host": "pleasant-lion-polo-shirt.cyclic.app",
  "pragma": "no-cache",
  "sec-fetch-dest": "document",
  "sec-fetch-mode": "navigate",
  "sec-fetch-site": "none",
  "sec-fetch-user": "?1",
  "upgrade-insecure-requests": "1",
  "user-agent": "Mozilla/5.0",
  "x-amzn-trace-id": "Root=1-63c563d4-10f21ad63a56d96627ebe1c2",
  "x-forwarded-port": "443",
  "x-forwarded-proto": "https"
}

200 09:48:54.009 (0.882s)
 Response Headers

{
  "x-powered-by": "Express",
  "content-type": "text/html; charset=utf-8",
  "content-length": "19",
  "etag": "W/\"13-pAP+nTXl6UA4Xdyg5L63N5A7p+I\"",
  "date": "Mon, 16 Jan 2023 14:48:53 GMT",
  "connection": "close"
}