GET/abc/def/ghi
 Request Headers

{
  "accept": "text/html,application/xhtml+xml,application/xml;q=0.9,image/avif,image/webp,*/*;q=0.8",
  "accept-encoding": "gzip, deflate, br",
  "accept-language": "en-US,en;q=0.5",
  "cache-control": "no-cache",
  "content-length": "0",
  "dnt": "1",
  "host": "pleasant-lion-polo-shirt.cyclic.app",
  "pragma": "no-cache",
  "sec-fetch-dest": "document",
  "sec-fetch-mode": "navigate",
  "sec-fetch-site": "none",
  "sec-fetch-user": "?1",
  "upgrade-insecure-requests": "1",
  "user-agent": "Mozilla/5.0",
  "x-amzn-trace-id": "Root=1-63c5673e-7610de1b177394522dc89069",
  "x-forwarded-port": "443",
  "x-forwarded-proto": "https"
}

2023-01-16 10:03:27.706: 
2023-01-16 10:03:27.724: 

ERROR: Failed to run "npm run start". Start script defined in package.json:

            "scripts": {
                "start":  "npm --prefix nested run start --loglevel=silly"
                 ...
            
Exited with code: 254
500 10:03:34.243 (7.583s)
 Response Headers

{
  "x-powered-by": "Express",
  "content-type": "text/html"
}